<?xml version="1.0" encoding="UTF-8"?>
<!-- Generated by org.testng.reporters.JUnitXMLReporter -->
<testsuite ignored="0" hostname="LAPTOP-135C9NSF" failures="0" tests="6" name="CRM Feature Test" time="117.491" errors="0" timestamp="2020-12-27T21:19:48 IST">
  <testcase classname="com.crm.qa.testcases.LoginPageTest" name="crmLogoImageTest" time="0.108"/>
  <testcase classname="com.crm.qa.testcases.LoginPageTest" name="loginPageTitleTest" time="0.017"/>
  <testcase classname="com.crm.qa.testcases.LoginPageTest" name="loginTest" time="10.321"/>
  <testcase classname="com.crm.qa.testcases.HomePageTest" name="verifyHomePageTitleTest" time="0.014"/>
  <testcase classname="com.crm.qa.testcases.HomePageTest" name="verifyUserNameLabelTest" time="0.112"/>
  <testcase classname="com.crm.qa.testcases.HomePageTest" name="verifyContactsLinkTest" time="3.859"/>
</testsuite> <!-- CRM Feature Test -->
