<?xml version="1.0" encoding="UTF-8"?>
<testng-results ignored="0" total="6" passed="6" failed="0" skipped="0">
  <reporter-output>
  </reporter-output>
  <suite started-at="2020-12-27T21:17:50 IST" name="FreeCRM Test Automation Suite" finished-at="2020-12-27T21:19:48 IST" duration-ms="117491">
    <groups>
    </groups>
    <test started-at="2020-12-27T21:17:50 IST" name="CRM Feature Test" finished-at="2020-12-27T21:19:48 IST" duration-ms="117491">
      <class name="com.crm.qa.testcases.HomePageTest">
        <test-method is-config="true" signature="setUp()[pri:0, instance:com.crm.qa.testcases.HomePageTest@358c99f5]" started-at="2020-12-27T21:18:38 IST" name="setUp" finished-at="2020-12-27T21:19:00 IST" duration-ms="22442" status="PASS">
          <reporter-output>
          </reporter-output>
        </test-method> <!-- setUp -->
        <test-method signature="verifyHomePageTitleTest()[pri:1, instance:com.crm.qa.testcases.HomePageTest@358c99f5]" started-at="2020-12-27T21:19:00 IST" name="verifyHomePageTitleTest" finished-at="2020-12-27T21:19:00 IST" duration-ms="14" status="PASS">
          <reporter-output>
          </reporter-output>
        </test-method> <!-- verifyHomePageTitleTest -->
        <test-method is-config="true" signature="tearDown()[pri:0, instance:com.crm.qa.testcases.HomePageTest@358c99f5]" started-at="2020-12-27T21:19:00 IST" name="tearDown" finished-at="2020-12-27T21:19:01 IST" duration-ms="685" status="PASS">
          <reporter-output>
          </reporter-output>
        </test-method> <!-- tearDown -->
        <test-method is-config="true" signature="setUp()[pri:0, instance:com.crm.qa.testcases.HomePageTest@358c99f5]" started-at="2020-12-27T21:19:01 IST" name="setUp" finished-at="2020-12-27T21:19:21 IST" duration-ms="19762" status="PASS">
          <reporter-output>
          </reporter-output>
        </test-method> <!-- setUp -->
        <test-method signature="verifyUserNameLabelTest()[pri:2, instance:com.crm.qa.testcases.HomePageTest@358c99f5]" started-at="2020-12-27T21:19:21 IST" name="verifyUserNameLabelTest" finished-at="2020-12-27T21:19:21 IST" duration-ms="112" status="PASS">
          <reporter-output>
          </reporter-output>
        </test-method> <!-- verifyUserNameLabelTest -->
        <test-method is-config="true" signature="tearDown()[pri:0, instance:com.crm.qa.testcases.HomePageTest@358c99f5]" started-at="2020-12-27T21:19:21 IST" name="tearDown" finished-at="2020-12-27T21:19:22 IST" duration-ms="685" status="PASS">
          <reporter-output>
          </reporter-output>
        </test-method> <!-- tearDown -->
        <test-method is-config="true" signature="setUp()[pri:0, instance:com.crm.qa.testcases.HomePageTest@358c99f5]" started-at="2020-12-27T21:19:22 IST" name="setUp" finished-at="2020-12-27T21:19:43 IST" duration-ms="21679" status="PASS">
          <reporter-output>
          </reporter-output>
        </test-method> <!-- setUp -->
        <test-method signature="verifyContactsLinkTest()[pri:3, instance:com.crm.qa.testcases.HomePageTest@358c99f5]" started-at="2020-12-27T21:19:43 IST" name="verifyContactsLinkTest" finished-at="2020-12-27T21:19:47 IST" duration-ms="3859" status="PASS">
          <reporter-output>
          </reporter-output>
        </test-method> <!-- verifyContactsLinkTest -->
        <test-method is-config="true" signature="tearDown()[pri:0, instance:com.crm.qa.testcases.HomePageTest@358c99f5]" started-at="2020-12-27T21:19:47 IST" name="tearDown" finished-at="2020-12-27T21:19:48 IST" duration-ms="691" status="PASS">
          <reporter-output>
          </reporter-output>
        </test-method> <!-- tearDown -->
      </class> <!-- com.crm.qa.testcases.HomePageTest -->
      <class name="com.crm.qa.testcases.LoginPageTest">
        <test-method is-config="true" signature="setUp()[pri:0, instance:com.crm.qa.testcases.LoginPageTest@53ca01a2]" started-at="2020-12-27T21:17:50 IST" name="setUp" finished-at="2020-12-27T21:18:02 IST" duration-ms="11821" status="PASS">
          <reporter-output>
          </reporter-output>
        </test-method> <!-- setUp -->
        <test-method signature="crmLogoImageTest()[pri:1, instance:com.crm.qa.testcases.LoginPageTest@53ca01a2]" started-at="2020-12-27T21:18:02 IST" name="crmLogoImageTest" finished-at="2020-12-27T21:18:02 IST" duration-ms="108" status="PASS">
          <reporter-output>
          </reporter-output>
        </test-method> <!-- crmLogoImageTest -->
        <test-method is-config="true" signature="tearDown()[pri:0, instance:com.crm.qa.testcases.LoginPageTest@53ca01a2]" started-at="2020-12-27T21:18:02 IST" name="tearDown" finished-at="2020-12-27T21:18:03 IST" duration-ms="852" status="PASS">
          <reporter-output>
          </reporter-output>
        </test-method> <!-- tearDown -->
        <test-method is-config="true" signature="setUp()[pri:0, instance:com.crm.qa.testcases.LoginPageTest@53ca01a2]" started-at="2020-12-27T21:18:03 IST" name="setUp" finished-at="2020-12-27T21:18:15 IST" duration-ms="11593" status="PASS">
          <reporter-output>
          </reporter-output>
        </test-method> <!-- setUp -->
        <test-method signature="loginPageTitleTest()[pri:2, instance:com.crm.qa.testcases.LoginPageTest@53ca01a2]" started-at="2020-12-27T21:18:15 IST" name="loginPageTitleTest" finished-at="2020-12-27T21:18:15 IST" duration-ms="17" status="PASS">
          <reporter-output>
          </reporter-output>
        </test-method> <!-- loginPageTitleTest -->
        <test-method is-config="true" signature="tearDown()[pri:0, instance:com.crm.qa.testcases.LoginPageTest@53ca01a2]" started-at="2020-12-27T21:18:15 IST" name="tearDown" finished-at="2020-12-27T21:18:16 IST" duration-ms="1173" status="PASS">
          <reporter-output>
          </reporter-output>
        </test-method> <!-- tearDown -->
        <test-method is-config="true" signature="setUp()[pri:0, instance:com.crm.qa.testcases.LoginPageTest@53ca01a2]" started-at="2020-12-27T21:18:16 IST" name="setUp" finished-at="2020-12-27T21:18:27 IST" duration-ms="10939" status="PASS">
          <reporter-output>
          </reporter-output>
        </test-method> <!-- setUp -->
        <test-method signature="loginTest()[pri:3, instance:com.crm.qa.testcases.LoginPageTest@53ca01a2]" started-at="2020-12-27T21:18:27 IST" name="loginTest" finished-at="2020-12-27T21:18:37 IST" duration-ms="10321" status="PASS">
          <reporter-output>
          </reporter-output>
        </test-method> <!-- loginTest -->
        <test-method is-config="true" signature="tearDown()[pri:0, instance:com.crm.qa.testcases.LoginPageTest@53ca01a2]" started-at="2020-12-27T21:18:37 IST" name="tearDown" finished-at="2020-12-27T21:18:38 IST" duration-ms="692" status="PASS">
          <reporter-output>
          </reporter-output>
        </test-method> <!-- tearDown -->
      </class> <!-- com.crm.qa.testcases.LoginPageTest -->
    </test> <!-- CRM Feature Test -->
  </suite> <!-- FreeCRM Test Automation Suite -->
</testng-results>
