<?xml version="1.0" encoding="UTF-8"?>
<testng-results ignored="0" total="6" passed="6" failed="0" skipped="0">
  <reporter-output>
  </reporter-output>
  <suite started-at="2020-12-29T11:20:28 IST" name="FreeCRM Test Automation Suite" finished-at="2020-12-29T11:22:32 IST" duration-ms="124399">
    <groups>
    </groups>
    <test started-at="2020-12-29T11:20:28 IST" name="CRM Feature Test" finished-at="2020-12-29T11:22:32 IST" duration-ms="124399">
      <class name="com.crm.qa.testcases.HomePageTest">
        <test-method is-config="true" signature="setUp()[pri:0, instance:com.crm.qa.testcases.HomePageTest@358c99f5]" started-at="2020-12-29T11:21:20 IST" name="setUp" finished-at="2020-12-29T11:21:39 IST" duration-ms="18760" status="PASS">
          <reporter-output>
          </reporter-output>
        </test-method> <!-- setUp -->
        <test-method signature="verifyHomePageTitleTest()[pri:1, instance:com.crm.qa.testcases.HomePageTest@358c99f5]" started-at="2020-12-29T11:21:39 IST" name="verifyHomePageTitleTest" finished-at="2020-12-29T11:21:39 IST" duration-ms="39" status="PASS">
          <reporter-output>
          </reporter-output>
        </test-method> <!-- verifyHomePageTitleTest -->
        <test-method is-config="true" signature="tearDown()[pri:0, instance:com.crm.qa.testcases.HomePageTest@358c99f5]" started-at="2020-12-29T11:21:39 IST" name="tearDown" finished-at="2020-12-29T11:21:39 IST" duration-ms="824" status="PASS">
          <reporter-output>
          </reporter-output>
        </test-method> <!-- tearDown -->
        <test-method is-config="true" signature="setUp()[pri:0, instance:com.crm.qa.testcases.HomePageTest@358c99f5]" started-at="2020-12-29T11:21:39 IST" name="setUp" finished-at="2020-12-29T11:21:59 IST" duration-ms="19918" status="PASS">
          <reporter-output>
          </reporter-output>
        </test-method> <!-- setUp -->
        <test-method signature="verifyUserNameLabelTest()[pri:2, instance:com.crm.qa.testcases.HomePageTest@358c99f5]" started-at="2020-12-29T11:21:59 IST" name="verifyUserNameLabelTest" finished-at="2020-12-29T11:22:00 IST" duration-ms="322" status="PASS">
          <reporter-output>
          </reporter-output>
        </test-method> <!-- verifyUserNameLabelTest -->
        <test-method is-config="true" signature="tearDown()[pri:0, instance:com.crm.qa.testcases.HomePageTest@358c99f5]" started-at="2020-12-29T11:22:00 IST" name="tearDown" finished-at="2020-12-29T11:22:00 IST" duration-ms="751" status="PASS">
          <reporter-output>
          </reporter-output>
        </test-method> <!-- tearDown -->
        <test-method is-config="true" signature="setUp()[pri:0, instance:com.crm.qa.testcases.HomePageTest@358c99f5]" started-at="2020-12-29T11:22:00 IST" name="setUp" finished-at="2020-12-29T11:22:24 IST" duration-ms="23180" status="PASS">
          <reporter-output>
          </reporter-output>
        </test-method> <!-- setUp -->
        <test-method signature="verifyContactsLinkTest()[pri:3, instance:com.crm.qa.testcases.HomePageTest@358c99f5]" started-at="2020-12-29T11:22:24 IST" name="verifyContactsLinkTest" finished-at="2020-12-29T11:22:32 IST" duration-ms="8091" status="PASS">
          <reporter-output>
          </reporter-output>
        </test-method> <!-- verifyContactsLinkTest -->
        <test-method is-config="true" signature="tearDown()[pri:0, instance:com.crm.qa.testcases.HomePageTest@358c99f5]" started-at="2020-12-29T11:22:32 IST" name="tearDown" finished-at="2020-12-29T11:22:32 IST" duration-ms="822" status="PASS">
          <reporter-output>
          </reporter-output>
        </test-method> <!-- tearDown -->
      </class> <!-- com.crm.qa.testcases.HomePageTest -->
      <class name="com.crm.qa.testcases.LoginPageTest">
        <test-method is-config="true" signature="setUp()[pri:0, instance:com.crm.qa.testcases.LoginPageTest@53ca01a2]" started-at="2020-12-29T11:20:28 IST" name="setUp" finished-at="2020-12-29T11:20:42 IST" duration-ms="13543" status="PASS">
          <reporter-output>
          </reporter-output>
        </test-method> <!-- setUp -->
        <test-method signature="crmLogoImageTest()[pri:1, instance:com.crm.qa.testcases.LoginPageTest@53ca01a2]" started-at="2020-12-29T11:20:42 IST" name="crmLogoImageTest" finished-at="2020-12-29T11:20:42 IST" duration-ms="243" status="PASS">
          <reporter-output>
          </reporter-output>
        </test-method> <!-- crmLogoImageTest -->
        <test-method is-config="true" signature="tearDown()[pri:0, instance:com.crm.qa.testcases.LoginPageTest@53ca01a2]" started-at="2020-12-29T11:20:42 IST" name="tearDown" finished-at="2020-12-29T11:20:43 IST" duration-ms="881" status="PASS">
          <reporter-output>
          </reporter-output>
        </test-method> <!-- tearDown -->
        <test-method is-config="true" signature="setUp()[pri:0, instance:com.crm.qa.testcases.LoginPageTest@53ca01a2]" started-at="2020-12-29T11:20:43 IST" name="setUp" finished-at="2020-12-29T11:20:54 IST" duration-ms="11605" status="PASS">
          <reporter-output>
          </reporter-output>
        </test-method> <!-- setUp -->
        <test-method signature="loginPageTitleTest()[pri:2, instance:com.crm.qa.testcases.LoginPageTest@53ca01a2]" started-at="2020-12-29T11:20:54 IST" name="loginPageTitleTest" finished-at="2020-12-29T11:20:54 IST" duration-ms="45" status="PASS">
          <reporter-output>
          </reporter-output>
        </test-method> <!-- loginPageTitleTest -->
        <test-method is-config="true" signature="tearDown()[pri:0, instance:com.crm.qa.testcases.LoginPageTest@53ca01a2]" started-at="2020-12-29T11:20:54 IST" name="tearDown" finished-at="2020-12-29T11:20:55 IST" duration-ms="753" status="PASS">
          <reporter-output>
          </reporter-output>
        </test-method> <!-- tearDown -->
        <test-method is-config="true" signature="setUp()[pri:0, instance:com.crm.qa.testcases.LoginPageTest@53ca01a2]" started-at="2020-12-29T11:20:55 IST" name="setUp" finished-at="2020-12-29T11:21:08 IST" duration-ms="12353" status="PASS">
          <reporter-output>
          </reporter-output>
        </test-method> <!-- setUp -->
        <test-method signature="loginTest()[pri:3, instance:com.crm.qa.testcases.LoginPageTest@53ca01a2]" started-at="2020-12-29T11:21:08 IST" name="loginTest" finished-at="2020-12-29T11:21:19 IST" duration-ms="11356" status="PASS">
          <reporter-output>
          </reporter-output>
        </test-method> <!-- loginTest -->
        <test-method is-config="true" signature="tearDown()[pri:0, instance:com.crm.qa.testcases.LoginPageTest@53ca01a2]" started-at="2020-12-29T11:21:19 IST" name="tearDown" finished-at="2020-12-29T11:21:20 IST" duration-ms="821" status="PASS">
          <reporter-output>
          </reporter-output>
        </test-method> <!-- tearDown -->
      </class> <!-- com.crm.qa.testcases.LoginPageTest -->
    </test> <!-- CRM Feature Test -->
  </suite> <!-- FreeCRM Test Automation Suite -->
</testng-results>
